app/build/outputs/logs/manifest-merger-debug-report.txt
-- Merging decision tree log ---
manifest
ADDED from src\main\AndroidManifest.xml:2:1-525:12
	xmlns:android
		ADDED from src\main\AndroidManifest.xml:2:11-69
	package
		ADDED from src\main\AndroidManifest.xml:3:5-40
		INJECTED from src\main\AndroidManifest.xml
		INJECTED from src\main\AndroidManifest.xml
	android:versionName
		ADDED from src\main\AndroidManifest.xml:5:5-32
		INJECTED from src\main\AndroidManifest.xml
		INJECTED from src\main\AndroidManifest.xml
	android:versionCode
		ADDED from src\main\AndroidManifest.xml:4:5-29
		INJECTED from src\main\AndroidManifest.xml
		INJECTED from src\main\AndroidManifest.xml
uses-sdk
ADDED from src\main\AndroidManifest.xml:7:5-9:41
	android:targetSdkVersion
		ADDED from src\main\AndroidManifest.xml:9:9-38
		INJECTED from src\main\AndroidManifest.xml
		INJECTED from src\main\AndroidManifest.xml
	android:minSdkVersion
		ADDED from src\main\AndroidManifest.xml:8:9-35
		INJECTED from src\main\AndroidManifest.xml
		INJECTED from src\main\AndroidManifest.xml
uses-permission#android.permission.ACCESS_COARSE_LOCATION
ADDED from src\main\AndroidManifest.xml:12:5-81
	android:name
		ADDED from src\main\AndroidManifest.xml:12:22-78
uses-permission#android.permission.ACCESS_FINE_LOCATION
ADDED from src\main\AndroidManifest.xml:14:5-79
	android:name
		ADDED from src\main\AndroidManifest.xml:14:22-76
uses-permission#android.permission.ACCESS_WIFI_STATE
ADDED from src\main\AndroidManifest.xml:16:5-76
	android:name
		ADDED from src\main\AndroidManifest.xml:16:22-73
uses-permission#android.permission.ACCESS_NETWORK_STATE
ADDED from src\main\AndroidManifest.xml:18:5-79
	android:name
		ADDED from src\main\AndroidManifest.xml:18:22-76
uses-permission#android.permission.CHANGE_WIFI_STATE
ADDED from src\main\AndroidManifest.xml:20:5-76
	android:name
		ADDED from src\main\AndroidManifest.xml:20:22-73
uses-permission#android.permission.DISABLE_KEYGUARD
ADDED from src\main\AndroidManifest.xml:22:5-75
	android:name
		ADDED from src\main\AndroidManifest.xml:22:22-72
uses-permission#android.permission.READ_PHONE_STATE
ADDED from src\main\AndroidManifest.xml:23:5-75
	android:name
		ADDED from src\main\AndroidManifest.xml:23:22-72
uses-permission#android.permission.WRITE_EXTERNAL_STORAGE
ADDED from src\main\AndroidManifest.xml:25:5-81
	android:name
		ADDED from src\main\AndroidManifest.xml:25:22-78
uses-permission#android.permission.INTERNET
ADDED from src\main\AndroidManifest.xml:27:5-67
	android:name
		ADDED from src\main\AndroidManifest.xml:27:22-64
uses-permission#android.permission.MOUNT_UNMOUNT_FILESYSTEMS
ADDED from src\main\AndroidManifest.xml:29:5-84
	android:name
		ADDED from src\main\AndroidManifest.xml:29:22-81
uses-permission#android.permission.VIBRATE
ADDED from src\main\AndroidManifest.xml:30:5-66
	android:name
		ADDED from src\main\AndroidManifest.xml:30:22-63
uses-permission#android.permission.READ_EXTERNAL_STORAGE
ADDED from src\main\AndroidManifest.xml:31:5-80
	android:name
		ADDED from src\main\AndroidManifest.xml:31:22-77
permission#com.suken.bridgedetection.permission.RECEIVE_MSG
ADDED from src\main\AndroidManifest.xml:35:5-37:47
	android:protectionLevel
		ADDED from src\main\AndroidManifest.xml:37:9-44
	android:name
		ADDED from src\main\AndroidManifest.xml:36:9-72
permission#com.suken.bridgedetection.permission.INCOMING_CALL
ADDED from src\main\AndroidManifest.xml:38:5-40:47
	android:protectionLevel
		ADDED from src\main\AndroidManifest.xml:40:9-44
	android:name
		ADDED from src\main\AndroidManifest.xml:39:9-74
uses-permission#com.suken.bridgedetection.permission.RECEIVE_MSG
ADDED from src\main\AndroidManifest.xml:42:5-88
	android:name
		ADDED from src\main\AndroidManifest.xml:42:22-85
uses-permission#android.permission.GET_TASKS
ADDED from src\main\AndroidManifest.xml:49:5-68
	android:name
		ADDED from src\main\AndroidManifest.xml:49:22-65
uses-permission#android.permission.RECORD_AUDIO
ADDED from src\main\AndroidManifest.xml:51:5-71
	android:name
		ADDED from src\main\AndroidManifest.xml:51:22-68
uses-permission#android.permission.MODIFY_AUDIO_SETTINGS
ADDED from src\main\AndroidManifest.xml:53:5-80
	android:name
		ADDED from src\main\AndroidManifest.xml:53:22-77
uses-permission#android.permission.WAKE_LOCK
ADDED from src\main\AndroidManifest.xml:55:5-68
	android:name
		ADDED from src\main\AndroidManifest.xml:55:22-65
uses-permission#android.permission.CAMERA
ADDED from src\main\AndroidManifest.xml:57:5-65
	android:name
		ADDED from src\main\AndroidManifest.xml:57:22-62
application
ADDED from src\main\AndroidManifest.xml:59:5-523:19
	android:label
		ADDED from src\main\AndroidManifest.xml:63:9-41
	android:allowBackup
		ADDED from src\main\AndroidManifest.xml:61:9-35
	android:icon
		ADDED from src\main\AndroidManifest.xml:62:9-45
	android:theme
		ADDED from src\main\AndroidManifest.xml:65:9-40
	android:largeHeap
		ADDED from src\main\AndroidManifest.xml:64:9-33
	android:name
		ADDED from src\main\AndroidManifest.xml:60:9-51
service#com.yuntongxun.ecsdk.ECClientService
ADDED from src\main\AndroidManifest.xml:68:9-71:39
	android:process
		ADDED from src\main\AndroidManifest.xml:71:13-36
	android:enabled
		ADDED from src\main\AndroidManifest.xml:70:13-35
	android:name
		ADDED from src\main\AndroidManifest.xml:69:13-64
receiver#com.yuntongxun.ecsdk.booter.CCPReceivers$AlarmReceiver
ADDED from src\main\AndroidManifest.xml:73:9-75:39
	android:process
		ADDED from src\main\AndroidManifest.xml:75:13-36
	android:name
		ADDED from src\main\AndroidManifest.xml:74:13-82
receiver#com.yuntongxun.ecsdk.booter.Alarm
ADDED from src\main\AndroidManifest.xml:77:9-80:39
	android:process
		ADDED from src\main\AndroidManifest.xml:80:13-36
	android:exported
		ADDED from src\main\AndroidManifest.xml:79:13-37
	android:name
		ADDED from src\main\AndroidManifest.xml:78:13-61
receiver#com.yuntongxun.ecsdk.booter.CCPReceivers$ConnectionReceiver
ADDED from src\main\AndroidManifest.xml:82:9-88:20
	android:process
		ADDED from src\main\AndroidManifest.xml:84:13-36
	android:name
		ADDED from src\main\AndroidManifest.xml:83:13-87
intent-filter#android.net.conn.CONNECTIVITY_CHANGE
ADDED from src\main\AndroidManifest.xml:85:13-87:29
action#android.net.conn.CONNECTIVITY_CHANGE
ADDED from src\main\AndroidManifest.xml:86:17-79
	android:name
		ADDED from src\main\AndroidManifest.xml:86:25-76
receiver#com.yuntongxun.ecsdk.booter.CCPReceivers$BootReceiver
ADDED from src\main\AndroidManifest.xml:91:9-97:20
	android:process
		ADDED from src\main\AndroidManifest.xml:93:13-36
	android:name
		ADDED from src\main\AndroidManifest.xml:92:13-81
intent-filter#android.intent.action.BOOT_COMPLETED
ADDED from src\main\AndroidManifest.xml:94:13-96:29
action#android.intent.action.BOOT_COMPLETED
ADDED from src\main\AndroidManifest.xml:95:17-79
	android:name
		ADDED from src\main\AndroidManifest.xml:95:25-76
receiver#com.suken.bridgedetection.service.YuntxNotifyReceiver
ADDED from src\main\AndroidManifest.xml:111:9-122:20
	android:exported
		ADDED from src\main\AndroidManifest.xml:113:13-37
	android:name
		ADDED from src\main\AndroidManifest.xml:112:13-56
intent-filter#com.suken.bridgedetection.action.MESSAGE+com.suken.bridgedetection.action.NOTIFICATION_CLICK+com.suken.bridgedetection.action.PERSON_VERSION+com.suken.bridgedetection.action.VOIP_CALL
ADDED from src\main\AndroidManifest.xml:114:13-121:29
action#com.suken.bridgedetection.action.VOIP_CALL
ADDED from src\main\AndroidManifest.xml:117:17-85
	android:name
		ADDED from src\main\AndroidManifest.xml:117:25-82
action#com.suken.bridgedetection.action.MESSAGE
ADDED from src\main\AndroidManifest.xml:118:17-83
	android:name
		ADDED from src\main\AndroidManifest.xml:118:25-80
action#com.suken.bridgedetection.action.NOTIFICATION_CLICK
ADDED from src\main\AndroidManifest.xml:119:17-94
	android:name
		ADDED from src\main\AndroidManifest.xml:119:25-91
action#com.suken.bridgedetection.action.PERSON_VERSION
ADDED from src\main\AndroidManifest.xml:120:17-90
	android:name
		ADDED from src\main\AndroidManifest.xml:120:25-87
meta-data#com.baidu.lbsapi.API_KEY
ADDED from src\main\AndroidManifest.xml:124:9-126:64
	android:name
		ADDED from src\main\AndroidManifest.xml:125:13-52
	android:value
		ADDED from src\main\AndroidManifest.xml:126:13-61
activity#com.suken.bridgedetection.activity.HomePageActivity
ADDED from src\main\AndroidManifest.xml:128:9-133:57
	android:windowSoftInputMode
		ADDED from src\main\AndroidManifest.xml:133:13-54
	android:screenOrientation
		ADDED from src\main\AndroidManifest.xml:132:13-50
	android:label
		ADDED from src\main\AndroidManifest.xml:131:13-45
	android:configChanges
		ADDED from src\main\AndroidManifest.xml:130:13-48
	android:name
		ADDED from src\main\AndroidManifest.xml:129:13-54
activity#com.suken.bridgedetection.activity.LoginActivity
ADDED from src\main\AndroidManifest.xml:134:9-144:20
	android:windowSoftInputMode
		ADDED from src\main\AndroidManifest.xml:138:13-54
	android:screenOrientation
		ADDED from src\main\AndroidManifest.xml:137:13-50
	android:label
		ADDED from src\main\AndroidManifest.xml:136:13-45
	android:name
		ADDED from src\main\AndroidManifest.xml:135:13-51
intent-filter#android.intent.action.MAIN+android.intent.category.LAUNCHER
ADDED from src\main\AndroidManifest.xml:139:13-143:29
action#android.intent.action.MAIN
ADDED from src\main\AndroidManifest.xml:140:17-69
	android:name
		ADDED from src\main\AndroidManifest.xml:140:25-66
category#android.intent.category.LAUNCHER
ADDED from src\main\AndroidManifest.xml:142:17-77
	android:name
		ADDED from src\main\AndroidManifest.xml:142:27-74
activity#com.suken.bridgedetection.activity.BridgeFormActivity
ADDED from src\main\AndroidManifest.xml:145:9-149:57
	android:windowSoftInputMode
		ADDED from src\main\AndroidManifest.xml:149:13-54
	android:screenOrientation
		ADDED from src\main\AndroidManifest.xml:148:13-50
	android:label
		ADDED from src\main\AndroidManifest.xml:147:13-45
	android:name
		ADDED from src\main\AndroidManifest.xml:146:13-56
activity#com.suken.bridgedetection.activity.IpSettingActivity
ADDED from src\main\AndroidManifest.xml:150:9-154:57
	android:windowSoftInputMode
		ADDED from src\main\AndroidManifest.xml:154:13-54
	android:screenOrientation
		ADDED from src\main\AndroidManifest.xml:153:13-50
	android:label
		ADDED from src\main\AndroidManifest.xml:152:13-45
	android:name
		ADDED from src\main\AndroidManifest.xml:151:13-55
activity#com.suken.bridgedetection.activity.BridgeDetectionListActivity
ADDED from src\main\AndroidManifest.xml:155:9-159:57
	android:windowSoftInputMode
		ADDED from src\main\AndroidManifest.xml:159:13-54
	android:screenOrientation
		ADDED from src\main\AndroidManifest.xml:158:13-50
	android:label
		ADDED from src\main\AndroidManifest.xml:157:13-45
	android:name
		ADDED from src\main\AndroidManifest.xml:156:13-65
activity#com.suken.imageditor.ImageditorActivity
ADDED from src\main\AndroidManifest.xml:160:9-164:75
	android:screenOrientation
		ADDED from src\main\AndroidManifest.xml:163:13-49
	android:label
		ADDED from src\main\AndroidManifest.xml:162:13-45
	android:theme
		ADDED from src\main\AndroidManifest.xml:164:13-72
	android:name
		ADDED from src\main\AndroidManifest.xml:161:13-67
activity#com.suken.bridgedetection.activity.UpdateAllActivity
ADDED from src\main\AndroidManifest.xml:168:9-171:56
	android:screenOrientation
		ADDED from src\main\AndroidManifest.xml:170:13-50
	android:theme
		ADDED from src\main\AndroidManifest.xml:171:13-53
	android:name
		ADDED from src\main\AndroidManifest.xml:169:13-55
receiver#com.suken.bridgedetection.location.NetworkChangedReceiver
ADDED from src\main\AndroidManifest.xml:173:9-177:20
	android:name
		ADDED from src\main\AndroidManifest.xml:173:19-66
receiver#com.suken.bridgedetection.util.AlarmReceiver
ADDED from src\main\AndroidManifest.xml:178:9-185:20
	android:name
		ADDED from src\main\AndroidManifest.xml:178:19-53
intent-filter#android.suken.action.checkdata
ADDED from src\main\AndroidManifest.xml:179:13-181:29
action#android.suken.action.checkdata
ADDED from src\main\AndroidManifest.xml:180:17-73
	android:name
		ADDED from src\main\AndroidManifest.xml:180:25-70
service#com.suken.bridgedetection.location.LBSService
ADDED from src\main\AndroidManifest.xml:187:9-56
	android:name
		ADDED from src\main\AndroidManifest.xml:187:18-53
activity#com.suken.bridgedetection.activity.MaintenanceActivity
ADDED from src\main\AndroidManifest.xml:189:9-191:53
	android:screenOrientation
		ADDED from src\main\AndroidManifest.xml:191:13-50
	android:name
		ADDED from src\main\AndroidManifest.xml:190:13-57
activity#com.suken.bridgedetection.activity.WebViewActivity
ADDED from src\main\AndroidManifest.xml:192:9-194:53
	android:screenOrientation
		ADDED from src\main\AndroidManifest.xml:194:13-50
	android:name
		ADDED from src\main\AndroidManifest.xml:193:13-53
activity#com.suken.bridgedetection.activity.MaintenanceTableActivity
ADDED from src\main\AndroidManifest.xml:195:9-197:53
	android:screenOrientation
		ADDED from src\main\AndroidManifest.xml:197:13-50
	android:name
		ADDED from src\main\AndroidManifest.xml:196:13-62
activity#com.suken.bridgedetection.activity.VideoActivity
ADDED from src\main\AndroidManifest.xml:198:9-200:53
	android:screenOrientation
		ADDED from src\main\AndroidManifest.xml:200:13-50
	android:name
		ADDED from src\main\AndroidManifest.xml:199:13-51
activity#com.yuntongxun.ecdemo.ui.LauncherActivity
ADDED from src\main\AndroidManifest.xml:204:9-207:47
	android:label
		ADDED from src\main\AndroidManifest.xml:206:13-45
	android:theme
		ADDED from src\main\AndroidManifest.xml:207:13-44
	android:name
		ADDED from src\main\AndroidManifest.xml:205:13-69
activity#com.yuntongxun.ecdemo.ui.account.LoginActivity
ADDED from src\main\AndroidManifest.xml:210:9-215:70
	android:windowSoftInputMode
		ADDED from src\main\AndroidManifest.xml:215:13-67
	android:screenOrientation
		ADDED from src\main\AndroidManifest.xml:213:13-49
	android:label
		ADDED from src\main\AndroidManifest.xml:212:13-57
	android:theme
		ADDED from src\main\AndroidManifest.xml:214:13-44
	android:name
		ADDED from src\main\AndroidManifest.xml:211:13-74
activity#com.yuntongxun.ecdemo.ui.account.ECSetUpServerActivity
ADDED from src\main\AndroidManifest.xml:216:9-221:70
	android:windowSoftInputMode
		ADDED from src\main\AndroidManifest.xml:221:13-67
	android:screenOrientation
		ADDED from src\main\AndroidManifest.xml:219:13-49
	android:label
		ADDED from src\main\AndroidManifest.xml:218:13-57
	android:theme
		ADDED from src\main\AndroidManifest.xml:220:13-44
	android:name
		ADDED from src\main\AndroidManifest.xml:217:13-82
activity#com.yuntongxun.ecdemo.ui.chatting.ChattingActivity
ADDED from src\main\AndroidManifest.xml:223:9-227:70
	android:windowSoftInputMode
		ADDED from src\main\AndroidManifest.xml:227:13-67
	android:screenOrientation
		ADDED from src\main\AndroidManifest.xml:226:13-49
	android:configChanges
		ADDED from src\main\AndroidManifest.xml:225:13-74
	android:name
		ADDED from src\main\AndroidManifest.xml:224:13-78
activity#com.yuntongxun.ecdemo.ui.contact.ContactDetailActivity
ADDED from src\main\AndroidManifest.xml:229:9-233:57
	android:windowSoftInputMode
		ADDED from src\main\AndroidManifest.xml:233:13-54
	android:screenOrientation
		ADDED from src\main\AndroidManifest.xml:232:13-49
	android:configChanges
		ADDED from src\main\AndroidManifest.xml:231:13-74
	android:name
		ADDED from src\main\AndroidManifest.xml:230:13-82
activity#com.yuntongxun.ecdemo.ui.contact.MobileContactActivity
ADDED from src\main\AndroidManifest.xml:235:9-239:57
	android:windowSoftInputMode
		ADDED from src\main\AndroidManifest.xml:239:13-54
	android:screenOrientation
		ADDED from src\main\AndroidManifest.xml:238:13-49
	android:configChanges
		ADDED from src\main\AndroidManifest.xml:237:13-74
	android:name
		ADDED from src\main\AndroidManifest.xml:236:13-82
activity#com.yuntongxun.ecdemo.ui.chatting.ImagePreviewActivity
ADDED from src\main\AndroidManifest.xml:241:9-246:64
	android:screenOrientation
		ADDED from src\main\AndroidManifest.xml:245:13-49
	android:configChanges
		ADDED from src\main\AndroidManifest.xml:243:13-74
	android:theme
		ADDED from src\main\AndroidManifest.xml:246:13-61
	android:process
		ADDED from src\main\AndroidManifest.xml:244:13-37
	android:name
		ADDED from src\main\AndroidManifest.xml:242:13-82
activity#com.yuntongxun.ecdemo.ui.chatting.VideoRecordActivity
ADDED from src\main\AndroidManifest.xml:247:9-251:64
	android:screenOrientation
		ADDED from src\main\AndroidManifest.xml:250:13-49
	android:configChanges
		ADDED from src\main\AndroidManifest.xml:249:13-74
	android:theme
		ADDED from src\main\AndroidManifest.xml:251:13-61
	android:name
		ADDED from src\main\AndroidManifest.xml:248:13-81
activity#com.yuntongxun.ecdemo.ui.chatting.ImageGalleryActivity
ADDED from src\main\AndroidManifest.xml:253:9-258:57
	android:windowSoftInputMode
		ADDED from src\main\AndroidManifest.xml:258:13-54
	android:screenOrientation
		ADDED from src\main\AndroidManifest.xml:256:13-49
	android:configChanges
		ADDED from src\main\AndroidManifest.xml:255:13-74
	android:theme
		ADDED from src\main\AndroidManifest.xml:257:13-61
	android:name
		ADDED from src\main\AndroidManifest.xml:254:13-82
activity#com.yuntongxun.ecdemo.ui.chatting.ImageGralleryPagerActivity
ADDED from src\main\AndroidManifest.xml:259:9-263:57
	android:windowSoftInputMode
		ADDED from src\main\AndroidManifest.xml:263:13-54
	android:screenOrientation
		ADDED from src\main\AndroidManifest.xml:262:13-49
	android:configChanges
		ADDED from src\main\AndroidManifest.xml:261:13-74
	android:name
		ADDED from src\main\AndroidManifest.xml:260:13-88
activity#com.yuntongxun.ecdemo.ui.plugin.FileExplorerActivity
ADDED from src\main\AndroidManifest.xml:265:9-267:77
	android:configChanges
		ADDED from src\main\AndroidManifest.xml:267:13-74
	android:name
		ADDED from src\main\AndroidManifest.xml:266:13-80
activity#com.yuntongxun.ecdemo.ui.group.CreateGroupActivity
ADDED from src\main\AndroidManifest.xml:269:9-273:58
	android:windowSoftInputMode
		ADDED from src\main\AndroidManifest.xml:273:13-55
	android:screenOrientation
		ADDED from src\main\AndroidManifest.xml:272:13-49
	android:configChanges
		ADDED from src\main\AndroidManifest.xml:271:13-63
	android:name
		ADDED from src\main\AndroidManifest.xml:270:13-78
activity#com.yuntongxun.ecdemo.ui.contact.ContactSelectListActivity
ADDED from src\main\AndroidManifest.xml:275:9-279:57
	android:windowSoftInputMode
		ADDED from src\main\AndroidManifest.xml:279:13-54
	android:screenOrientation
		ADDED from src\main\AndroidManifest.xml:278:13-49
	android:configChanges
		ADDED from src\main\AndroidManifest.xml:277:13-63
	android:name
		ADDED from src\main\AndroidManifest.xml:276:13-86
activity#com.yuntongxun.ecdemo.ui.contact.MobileContactSelectActivity
ADDED from src\main\AndroidManifest.xml:281:9-285:57
	android:windowSoftInputMode
		ADDED from src\main\AndroidManifest.xml:285:13-54
	android:screenOrientation
		ADDED from src\main\AndroidManifest.xml:284:13-49
	android:configChanges
		ADDED from src\main\AndroidManifest.xml:283:13-63
	android:name
		ADDED from src\main\AndroidManifest.xml:282:13-88
activity#com.yuntongxun.ecdemo.ui.settings.SettingsActivity
ADDED from src\main\AndroidManifest.xml:287:9-291:57
	android:windowSoftInputMode
		ADDED from src\main\AndroidManifest.xml:291:13-54
	android:screenOrientation
		ADDED from src\main\AndroidManifest.xml:290:13-49
	android:configChanges
		ADDED from src\main\AndroidManifest.xml:289:13-74
	android:name
		ADDED from src\main\AndroidManifest.xml:288:13-78
activity#com.yuntongxun.ecdemo.ui.group.ECDiscussionActivity
ADDED from src\main\AndroidManifest.xml:292:9-296:57
	android:windowSoftInputMode
		ADDED from src\main\AndroidManifest.xml:296:13-54
	android:screenOrientation
		ADDED from src\main\AndroidManifest.xml:295:13-49
	android:configChanges
		ADDED from src\main\AndroidManifest.xml:294:13-74
	android:name
		ADDED from src\main\AndroidManifest.xml:293:13-79
activity#com.yuntongxun.ecdemo.ui.contact.GroupCardSelectUI
ADDED from src\main\AndroidManifest.xml:297:9-301:67
	android:windowSoftInputMode
		ADDED from src\main\AndroidManifest.xml:301:13-64
	android:screenOrientation
		ADDED from src\main\AndroidManifest.xml:300:13-49
	android:configChanges
		ADDED from src\main\AndroidManifest.xml:299:13-74
	android:name
		ADDED from src\main\AndroidManifest.xml:298:13-78
activity#com.yuntongxun.ecdemo.ui.group.GroupInfoActivity
ADDED from src\main\AndroidManifest.xml:302:9-306:57
	android:windowSoftInputMode
		ADDED from src\main\AndroidManifest.xml:306:13-54
	android:screenOrientation
		ADDED from src\main\AndroidManifest.xml:305:13-49
	android:configChanges
		ADDED from src\main\AndroidManifest.xml:304:13-63
	android:name
		ADDED from src\main\AndroidManifest.xml:303:13-76
activity#com.yuntongxun.ecdemo.ui.group.SearchGroupActivity
ADDED from src\main\AndroidManifest.xml:308:9-311:52
	android:screenOrientation
		ADDED from src\main\AndroidManifest.xml:311:13-49
	android:label
		ADDED from src\main\AndroidManifest.xml:310:13-64
	android:name
		ADDED from src\main\AndroidManifest.xml:309:13-78
activity#com.yuntongxun.ecdemo.ui.group.BaseSearch
ADDED from src\main\AndroidManifest.xml:312:9-316:57
	android:windowSoftInputMode
		ADDED from src\main\AndroidManifest.xml:316:13-54
	android:screenOrientation
		ADDED from src\main\AndroidManifest.xml:315:13-49
	android:label
		ADDED from src\main\AndroidManifest.xml:314:13-64
	android:name
		ADDED from src\main\AndroidManifest.xml:313:13-69
activity#com.yuntongxun.ecdemo.ui.settings.EditConfigureActivity
ADDED from src\main\AndroidManifest.xml:317:9-320:52
	android:screenOrientation
		ADDED from src\main\AndroidManifest.xml:320:13-49
	android:label
		ADDED from src\main\AndroidManifest.xml:319:13-66
	android:name
		ADDED from src\main\AndroidManifest.xml:318:13-83
activity#com.yuntongxun.ecdemo.ui.group.GroupMemberCardActivity
ADDED from src\main\AndroidManifest.xml:321:9-323:52
	android:screenOrientation
		ADDED from src\main\AndroidManifest.xml:323:13-49
	android:name
		ADDED from src\main\AndroidManifest.xml:322:13-82
activity#com.yuntongxun.ecdemo.ui.group.ApplyWithGroupPermissionActivity
ADDED from src\main\AndroidManifest.xml:325:9-329:57
	android:windowSoftInputMode
		ADDED from src\main\AndroidManifest.xml:329:13-54
	android:screenOrientation
		ADDED from src\main\AndroidManifest.xml:328:13-49
	android:configChanges
		ADDED from src\main\AndroidManifest.xml:327:13-63
	android:name
		ADDED from src\main\AndroidManifest.xml:326:13-91
activity#com.yuntongxun.ecdemo.ui.group.GroupNoticeActivity
ADDED from src\main\AndroidManifest.xml:330:9-334:57
	android:windowSoftInputMode
		ADDED from src\main\AndroidManifest.xml:334:13-54
	android:screenOrientation
		ADDED from src\main\AndroidManifest.xml:333:13-49
	android:configChanges
		ADDED from src\main\AndroidManifest.xml:332:13-63
	android:name
		ADDED from src\main\AndroidManifest.xml:331:13-78
activity#com.yuntongxun.ecdemo.ui.settings.LoginSettingActivity
ADDED from src\main\AndroidManifest.xml:335:9-338:52
	android:screenOrientation
		ADDED from src\main\AndroidManifest.xml:338:13-49
	android:label
		ADDED from src\main\AndroidManifest.xml:337:13-65
	android:name
		ADDED from src\main\AndroidManifest.xml:336:13-82
activity#com.yuntongxun.ecdemo.ui.settings.SettingPersionInfoActivity
ADDED from src\main\AndroidManifest.xml:339:9-343:52
	android:screenOrientation
		ADDED from src\main\AndroidManifest.xml:343:13-49
	android:label
		ADDED from src\main\AndroidManifest.xml:341:13-72
	android:name
		ADDED from src\main\AndroidManifest.xml:340:13-88
	android:launchMode
		ADDED from src\main\AndroidManifest.xml:342:13-48
activity#com.yuntongxun.ecdemo.ui.contact.AtSomeoneUI
ADDED from src\main\AndroidManifest.xml:344:9-347:52
	android:screenOrientation
		ADDED from src\main\AndroidManifest.xml:347:13-49
	android:configChanges
		ADDED from src\main\AndroidManifest.xml:346:13-74
	android:name
		ADDED from src\main\AndroidManifest.xml:345:13-72
activity#com.yuntongxun.ecdemo.ui.voip.VoIPCallActivity
ADDED from src\main\AndroidManifest.xml:350:9-361:20
	android:screenOrientation
		ADDED from src\main\AndroidManifest.xml:354:13-49
	android:configChanges
		ADDED from src\main\AndroidManifest.xml:352:13-74
	android:theme
		ADDED from src\main\AndroidManifest.xml:355:13-71
	android:name
		ADDED from src\main\AndroidManifest.xml:351:13-74
	android:launchMode
		ADDED from src\main\AndroidManifest.xml:353:13-44
intent-filter#android.intent.category.DEFAULT+con.yuntongxun.ecdemo.intent.ACTION_VOICE_CALL
ADDED from src\main\AndroidManifest.xml:356:13-360:29
action#con.yuntongxun.ecdemo.intent.ACTION_VOICE_CALL
ADDED from src\main\AndroidManifest.xml:357:17-89
	android:name
		ADDED from src\main\AndroidManifest.xml:357:25-86
category#android.intent.category.DEFAULT
ADDED from src\main\AndroidManifest.xml:359:17-76
	android:name
		ADDED from src\main\AndroidManifest.xml:359:27-73
activity#com.yuntongxun.ecdemo.ui.voip.VideoActivity
ADDED from src\main\AndroidManifest.xml:362:9-373:20
	android:screenOrientation
		ADDED from src\main\AndroidManifest.xml:366:13-49
	android:configChanges
		ADDED from src\main\AndroidManifest.xml:364:13-74
	android:theme
		ADDED from src\main\AndroidManifest.xml:367:13-71
	android:name
		ADDED from src\main\AndroidManifest.xml:363:13-71
	android:launchMode
		ADDED from src\main\AndroidManifest.xml:365:13-44
intent-filter#android.intent.category.DEFAULT+con.yuntongxun.ecdemo.intent.ACTION_VIDEO_CALL
ADDED from src\main\AndroidManifest.xml:368:13-372:29
action#con.yuntongxun.ecdemo.intent.ACTION_VIDEO_CALL
ADDED from src\main\AndroidManifest.xml:369:17-89
	android:name
		ADDED from src\main\AndroidManifest.xml:369:25-86
activity#com.yuntongxun.ecdemo.ui.interphone.InterPhoneListActivity
ADDED from src\main\AndroidManifest.xml:375:9-378:52
	android:screenOrientation
		ADDED from src\main\AndroidManifest.xml:378:13-49
	android:configChanges
		ADDED from src\main\AndroidManifest.xml:377:13-74
	android:name
		ADDED from src\main\AndroidManifest.xml:376:13-86
activity#com.yuntongxun.ecdemo.ui.interphone.InterPhoneChatActivity
ADDED from src\main\AndroidManifest.xml:380:9-383:52
	android:screenOrientation
		ADDED from src\main\AndroidManifest.xml:383:13-49
	android:configChanges
		ADDED from src\main\AndroidManifest.xml:382:13-74
	android:name
		ADDED from src\main\AndroidManifest.xml:381:13-86
activity#com.yuntongxun.ecdemo.ui.meeting.MeetingListActivity
ADDED from src\main\AndroidManifest.xml:385:9-388:52
	android:screenOrientation
		ADDED from src\main\AndroidManifest.xml:388:13-49
	android:configChanges
		ADDED from src\main\AndroidManifest.xml:387:13-74
	android:name
		ADDED from src\main\AndroidManifest.xml:386:13-80
activity#com.yuntongxun.ecdemo.ui.meeting.VoiceMeetingActivity
ADDED from src\main\AndroidManifest.xml:390:9-393:52
	android:screenOrientation
		ADDED from src\main\AndroidManifest.xml:393:13-49
	android:configChanges
		ADDED from src\main\AndroidManifest.xml:392:13-74
	android:name
		ADDED from src\main\AndroidManifest.xml:391:13-81
activity#com.yuntongxun.ecdemo.ui.meeting.CreateVoiceMeetingActivity
ADDED from src\main\AndroidManifest.xml:395:9-398:52
	android:screenOrientation
		ADDED from src\main\AndroidManifest.xml:398:13-49
	android:configChanges
		ADDED from src\main\AndroidManifest.xml:397:13-74
	android:name
		ADDED from src\main\AndroidManifest.xml:396:13-87
activity#com.yuntongxun.ecdemo.ui.meeting.VoiceMeetingMemberManager
ADDED from src\main\AndroidManifest.xml:400:9-403:52
	android:screenOrientation
		ADDED from src\main\AndroidManifest.xml:403:13-49
	android:configChanges
		ADDED from src\main\AndroidManifest.xml:402:13-74
	android:name
		ADDED from src\main\AndroidManifest.xml:401:13-86
activity#com.yuntongxun.ecdemo.ui.meeting.InviteByPhoneCall
ADDED from src\main\AndroidManifest.xml:406:9-409:52
	android:screenOrientation
		ADDED from src\main\AndroidManifest.xml:409:13-49
	android:configChanges
		ADDED from src\main\AndroidManifest.xml:408:13-74
	android:name
		ADDED from src\main\AndroidManifest.xml:407:13-78
activity#com.yuntongxun.ecdemo.ui.videomeeting.VideoconferenceConversation
ADDED from src\main\AndroidManifest.xml:410:9-414:57
	android:windowSoftInputMode
		ADDED from src\main\AndroidManifest.xml:414:13-54
	android:screenOrientation
		ADDED from src\main\AndroidManifest.xml:413:13-49
	android:configChanges
		ADDED from src\main\AndroidManifest.xml:412:13-63
	android:name
		ADDED from src\main\AndroidManifest.xml:411:13-93
activity#com.yuntongxun.ecdemo.ui.videomeeting.CreateVideoConference
ADDED from src\main\AndroidManifest.xml:415:9-419:57
	android:windowSoftInputMode
		ADDED from src\main\AndroidManifest.xml:419:13-54
	android:screenOrientation
		ADDED from src\main\AndroidManifest.xml:418:13-49
	android:configChanges
		ADDED from src\main\AndroidManifest.xml:417:13-63
	android:name
		ADDED from src\main\AndroidManifest.xml:416:13-87
activity#com.yuntongxun.ecdemo.ui.videomeeting.MultiVideoconference
ADDED from src\main\AndroidManifest.xml:420:9-425:57
	android:windowSoftInputMode
		ADDED from src\main\AndroidManifest.xml:425:13-54
	android:screenOrientation
		ADDED from src\main\AndroidManifest.xml:423:13-49
	android:configChanges
		ADDED from src\main\AndroidManifest.xml:422:13-63
	android:theme
		ADDED from src\main\AndroidManifest.xml:424:13-44
	android:name
		ADDED from src\main\AndroidManifest.xml:421:13-86
activity#com.yuntongxun.ecdemo.ui.LocationActivity
ADDED from src\main\AndroidManifest.xml:426:9-431:57
	android:windowSoftInputMode
		ADDED from src\main\AndroidManifest.xml:431:13-54
	android:screenOrientation
		ADDED from src\main\AndroidManifest.xml:429:13-49
	android:configChanges
		ADDED from src\main\AndroidManifest.xml:428:13-63
	android:theme
		ADDED from src\main\AndroidManifest.xml:430:13-44
	android:name
		ADDED from src\main\AndroidManifest.xml:427:13-69
activity#com.yuntongxun.ecdemo.ui.ShowBaiDuMapActivity
ADDED from src\main\AndroidManifest.xml:432:9-437:57